<?xml version="1.0" encoding="UTF-8"?>
<!-- Generated by org.testng.reporters.JUnitReportReporter -->
<testsuite hostname="RAVIG-WIN10" failures="0" tests="1" name="testRunner.CucumberTestRunner" time="3.635" errors="0" timestamp="2024-11-26T23:49:26 GMT-08:00" skipped="0">
  <testcase classname="testRunner.CucumberTestRunner" name="runScenario" time="3.635"/>
</testsuite> <!-- testRunner.CucumberTestRunner -->
